7/18/2014 10:13:55 AM	This log contains information about the import schema operation into project 'Adv' on computer 'ATLSCOTTNLT' by user 'scottn'.
7/18/2014 10:13:55 AM	Import of database schema has started.
7/18/2014 10:14:04 AM	Gathering database options
7/18/2014 10:14:04 AM	Gathering users
7/18/2014 10:14:04 AM	Gathering roles
7/18/2014 10:14:04 AM	Gathering application roles
7/18/2014 10:14:04 AM	Gathering role memberships
7/18/2014 10:14:04 AM	Gathering filegroups
7/18/2014 10:14:04 AM	Gathering full-text catalogs
7/18/2014 10:14:04 AM	Gathering assemblies
7/18/2014 10:14:04 AM	Gathering certificates
7/18/2014 10:14:04 AM	Gathering asymmetric keys
7/18/2014 10:14:04 AM	Gathering symmetric keys
7/18/2014 10:14:04 AM	Gathering encrypted symmetric keys
7/18/2014 10:14:04 AM	Gathering schemas
7/18/2014 10:14:04 AM	Gathering XML schema collections
7/18/2014 10:14:04 AM	Gathering user-defined data types
7/18/2014 10:14:04 AM	Gathering user-defined types
7/18/2014 10:14:04 AM	Gathering table types
7/18/2014 10:14:04 AM	Gathering unique keys for table types
7/18/2014 10:14:05 AM	Gathering primary keys for table types
7/18/2014 10:14:05 AM	Gathering check constraints for table types
7/18/2014 10:14:05 AM	Gathering default constraints for table types
7/18/2014 10:14:05 AM	Gathering partition functions
7/18/2014 10:14:05 AM	Gathering partition schemes
7/18/2014 10:14:05 AM	Gathering functions
7/18/2014 10:14:05 AM	Gathering encrypted functions
7/18/2014 10:14:05 AM	Gathering aggregates
7/18/2014 10:14:05 AM	Gathering procedures
7/18/2014 10:14:05 AM	Gathering encrypted procedures
7/18/2014 10:14:05 AM	Gathering tables
7/18/2014 10:14:05 AM	Gathering primary keys
7/18/2014 10:14:05 AM	Gathering unique constraints
7/18/2014 10:14:05 AM	Gathering foreign keys
7/18/2014 10:14:06 AM	Gathering default constraints
7/18/2014 10:14:06 AM	Gathering check constraints
7/18/2014 10:14:06 AM	Gathering views
7/18/2014 10:14:06 AM	Gathering encrypted views
7/18/2014 10:14:06 AM	Gathering indexes
7/18/2014 10:14:06 AM	Gathering statistics
7/18/2014 10:14:06 AM	Gathering full-text index stoplists
7/18/2014 10:14:06 AM	Gathering search property lists
7/18/2014 10:14:06 AM	Gathering search properties
7/18/2014 10:14:06 AM	Gathering full-text indexes
7/18/2014 10:14:06 AM	Gathering column store indexes
7/18/2014 10:14:06 AM	Gathering spatial indexes
7/18/2014 10:14:06 AM	Gathering XML indexes
7/18/2014 10:14:06 AM	Gathering Selective XML indexes
7/18/2014 10:14:06 AM	Gathering encrypted triggers
7/18/2014 10:14:06 AM	Gathering triggers
7/18/2014 10:14:06 AM	Gathering encrypted and clr ddl triggers
7/18/2014 10:14:06 AM	Gathering ddl triggers
7/18/2014 10:14:06 AM	Gathering synonyms
7/18/2014 10:14:06 AM	Gathering defaults
7/18/2014 10:14:06 AM	Gathering data constraint uddt bindings
7/18/2014 10:14:06 AM	Gathering rules
7/18/2014 10:14:06 AM	Gathering data constraint uddt bindings
7/18/2014 10:14:06 AM	Gathering message types
7/18/2014 10:14:06 AM	Gathering queues
7/18/2014 10:14:06 AM	Gathering contracts
7/18/2014 10:14:06 AM	Gathering services
7/18/2014 10:14:06 AM	Gathering event notifications
7/18/2014 10:14:06 AM	Gathering remote service bindings
7/18/2014 10:14:06 AM	Gathering broker priorities
7/18/2014 10:14:06 AM	Gathering signatures
7/18/2014 10:14:06 AM	Gathering data compression options
7/18/2014 10:14:06 AM	Gathering sequence types
7/18/2014 10:14:06 AM	Gathering database permissions
7/18/2014 10:14:06 AM	Gathering extended properties
7/18/2014 10:14:07 AM	Gathering credentials
7/18/2014 10:14:07 AM	Gathering logins
7/18/2014 10:14:07 AM	Gathering server audits
7/18/2014 10:14:09 AM	Scanning project for duplicate elements
7/18/2014 10:14:11 AM	Finished duplicate element processing
7/18/2014 10:14:14 AM	Finished importing database.
7/18/2014 10:14:14 AM	A summary of the import was saved to the following location: C:\Users\scottn\Documents\GitHub\Adv\Adv\Import Schema Logs\Adv_20140718021355.log
7/18/2014 10:14:14 AM	Click Finish to continue...
